2024-09-24 16:10:05.1272 DEBUG runtime.main:271 Debug test
2024-09-24 16:10:05.1508 INFO runtime.main:271 Info test
2024-09-24 16:10:05.1508 WARNING runtime.main:271 Warn test
2024-09-24 16:10:05.1514 ERROR runtime.main:271 Error test
2024-09-24 16:10:05.1514 FATAL runtime.main:271 Fatal test
2024-09-24 16:10:10.2349 DEBUG runtime.main:271 Debug test
2024-09-24 16:10:10.2568 INFO runtime.main:271 Info test
2024-09-24 16:10:10.2573 WARNING runtime.main:271 Warn test
2024-09-24 16:10:10.2573 ERROR runtime.main:271 Error test
2024-09-24 16:10:10.2573 FATAL runtime.main:271 Fatal test
2024-09-24 17:04:31.4102 DEBUG runtime.main:271 Debug test
2024-09-24 17:04:31.4252 INFO runtime.main:271 Info test
2024-09-24 17:04:31.4252 WARNING runtime.main:271 Warn test
2024-09-24 17:04:31.4252 ERROR runtime.main:271 Error test
2024-09-24 17:04:31.4252 FATAL runtime.main:271 Fatal test
2024-09-24 22:59:09.4706 DEBUG runtime.main:271 Debug test
2024-09-24 22:59:09.5782 INFO runtime.main:271 Info test
2024-11-29 16:27:01.1974 environment: LOCAL log_level: DEBUG app_name: preobrazhenskiy93-auth-service app_id: пробрасываю uuid типа req_id: Debug Debug test runtime.main:271
2024-11-29 16:27:01.3134 environment: LOCAL log_level: INFO app_name: preobrazhenskiy93-auth-service app_id: пробрасываю uuid типа req_id: Info Info test runtime.main:271
 
2024-11-29 17:01:01.1536 environment: LOCAL log_level: DEBUG app_name: preobrazhenskiy93-auth-service app_id: пробрасываю uuid типа req_id: Debug Debug test runtime.main:271
 
2024-11-29 17:01:01.2597 environment: LOCAL log_level: INFO app_name: preobrazhenskiy93-auth-service app_id: пробрасываю uuid типа req_id: Info Info test runtime.main:271
 
2024-11-29 17:02:17.6296 environment: LOCAL log_level: DEBUG app_name: preobrazhenskiy93-auth-service app_id: пробрасываю uuid типа req_id: Debug Debug test runtime.main:271
 
2024-11-29 17:02:17.7474 environment: LOCAL log_level: INFO app_name: preobrazhenskiy93-auth-service app_id: пробрасываю uuid типа req_id: Info Info test runtime.main:271
 
2024-11-29 17:03:50.4145 environment: LOCAL log_level: DEBUG app_name: preobrazhenskiy93-auth-service app_id: пробрасываю uuid типа req_id: Debug Debug test runtime.main:271
 
2024-11-29 17:03:50.6425 environment: LOCAL log_level: INFO app_name: preobrazhenskiy93-auth-service app_id: пробрасываю uuid типа req_id: Info Info test runtime.main:271
 
2024-12-02 16:52:18.8569 environment: LOCAL log_level: FATAL app_name: go-auth-services app_id: df8a7d1a-84a8-435d-8be9-804b67e08fdd req_id: launch func_namemain.main:42 additional: launch main.main:42 sql: unknown driver "postgres" (forgotten import?)
2024-12-02 16:53:47.5762 environment: LOCAL log_level: INFO app_name: go-auth-services app_id: a9b5cb34-9727-43fe-92ba-e209445cc7c9 req_id: App start func_nameusecases.Usecases.Start:26 additional: App start usecases.Usecases.Start:26 Usecases has started
2024-12-02 16:53:47.6776 environment: LOCAL log_level: INFO app_name: go-auth-services app_id: a9b5cb34-9727-43fe-92ba-e209445cc7c9 req_id: App start func_nameapi.Api.Start:20 additional: App start api.Api.Start:20 Api service has started
2024-12-02 16:53:57.8512 environment: LOCAL log_level: INFO app_name: go-auth-services app_id: a9b5cb34-9727-43fe-92ba-e209445cc7c9 req_id: App exit func_nameusecases.Usecases.Stop:30 additional: App exit usecases.Usecases.Stop:30 Usecases has stopped
2024-12-02 16:53:57.9890 environment: LOCAL log_level: INFO app_name: go-auth-services app_id: a9b5cb34-9727-43fe-92ba-e209445cc7c9 req_id: App exit func_nameapi.Api.Stop:24 additional: App exit api.Api.Stop:24 Api service has stopped
2024-12-02 16:53:58.1047 environment: LOCAL log_level: INFO app_name: go-auth-services app_id: a9b5cb34-9727-43fe-92ba-e209445cc7c9 req_id: Application closed func_namemain.AwaitClose.func1:59 additional: none2024-12-02 16:55:14.7418 environment: LOCAL log_level: INFO app_name: go-auth-services app_id: a8cd4db2-54ca-48e3-886d-cb8ea8636d50 req_id: App start func_nameusecases.Usecases.Start:26 additional: App start usecases.Usecases.Start:26 Usecases has started
2024-12-02 16:55:14.9050 environment: LOCAL log_level: INFO app_name: go-auth-services app_id: a8cd4db2-54ca-48e3-886d-cb8ea8636d50 req_id: App start func_nameapi.Api.Start:20 additional: App start api.Api.Start:20 Api service has started
2024-12-02 16:56:22.7377 environment: LOCAL log_level: INFO app_name: go-auth-services app_id: a8cd4db2-54ca-48e3-886d-cb8ea8636d50 req_id: App exit func_nameusecases.Usecases.Stop:30 additional: App exit usecases.Usecases.Stop:30 Usecases has stopped
2024-12-02 16:56:22.8353 environment: LOCAL log_level: INFO app_name: go-auth-services app_id: a8cd4db2-54ca-48e3-886d-cb8ea8636d50 req_id: App exit func_nameapi.Api.Stop:24 additional: App exit api.Api.Stop:24 Api service has stopped
2024-12-02 16:56:22.9277 environment: LOCAL log_level: INFO app_name: go-auth-services app_id: a8cd4db2-54ca-48e3-886d-cb8ea8636d50 req_id: Application closed func_namemain.AwaitClose.func1:59 additional: none2024-12-02 17:08:01.3587 environment: LOCAL log_level: INFO app_name: go-auth-services app_id: 908589b2-f4e7-4d25-838f-df6c56d48538 req_id: App start func_nameusecases.Usecases.Start:26 additional: App start usecases.Usecases.Start:26 Usecases has started
2024-12-02 17:08:01.5346 environment: LOCAL log_level: INFO app_name: go-auth-services app_id: 908589b2-f4e7-4d25-838f-df6c56d48538 req_id: App start func_nameapi.Api.Start:20 additional: App start api.Api.Start:20 Api service has started
2024-12-02 17:09:16.3680 environment: LOCAL log_level: INFO app_name: go-auth-services app_id: 642407c3-db22-40f5-bb00-69f89c95da29 req_id: App start func_nameusecases.Usecases.Start:26 additional: App start usecases.Usecases.Start:26 Usecases has started
2024-12-02 17:09:16.4758 environment: LOCAL log_level: INFO app_name: go-auth-services app_id: 642407c3-db22-40f5-bb00-69f89c95da29 req_id: App start func_nameapi.Api.Start:22 additional: App start api.Api.Start:22 Api service has started
2024-12-02 17:14:41.5544 environment: LOCAL log_level: INFO app_name: go-auth-services app_id: a991a886-3811-41f6-a5f4-ef96713849a6 req_id: App start func_nameusecases.Usecases.Start:26 additional: App start usecases.Usecases.Start:26 Usecases has started
2024-12-02 17:14:41.6604 environment: LOCAL log_level: INFO app_name: go-auth-services app_id: a991a886-3811-41f6-a5f4-ef96713849a6 req_id: App start func_nameapi.Api.Start:22 additional: App start api.Api.Start:22 Api service has started
2024-12-02 17:17:25.3616 environment: LOCAL log_level: INFO app_name: go-auth-services app_id: 8af95570-e198-4130-a21b-20b021719f8f req_id: App start func_nameusecases.Usecases.Start:27 additional: App start usecases.Usecases.Start:27 Usecases has started
2024-12-02 17:17:25.4927 environment: LOCAL log_level: INFO app_name: go-auth-services app_id: 8af95570-e198-4130-a21b-20b021719f8f req_id: App start func_nameapi.Api.Start:22 additional: App start api.Api.Start:22 Api service has started
2024-12-02 17:18:08.0910 environment: LOCAL log_level: INFO app_name: go-auth-services app_id: 96d1d6d0-8fbe-4ddb-a750-88968580569f req_id: App start func_nameusecases.Usecases.Start:27 additional: App start usecases.Usecases.Start:27 Usecases has started
2024-12-02 17:18:08.1940 environment: LOCAL log_level: INFO app_name: go-auth-services app_id: 96d1d6d0-8fbe-4ddb-a750-88968580569f req_id: App start func_nameapi.Api.Start:22 additional: App start api.Api.Start:22 Api service has started
2024-12-02 17:18:41.0547 environment: LOCAL log_level: INFO app_name: go-auth-services app_id: 40ed995c-6b58-436f-8191-c7252f02cc71 req_id: App start func_nameusecases.Usecases.Start:27 additional: App start usecases.Usecases.Start:27 Usecases has started
2024-12-02 17:18:41.2513 environment: LOCAL log_level: INFO app_name: go-auth-services app_id: 40ed995c-6b58-436f-8191-c7252f02cc71 req_id: App start func_nameapi.Api.Start:22 additional: App start api.Api.Start:22 Api service has started
2024-12-02 17:18:46.6479 environment: LOCAL log_level: ERROR app_name: go-auth-services app_id: 40ed995c-6b58-436f-8191-c7252f02cc71 req_id: reqID func_namehandlers.Handlers.UserCreate:22 additional: reqID handlers.Handlers.UserCreate:22 pq: ошибка синтаксиса (примерное положение: "ON")
2024-12-02 17:21:49.5074 environment: LOCAL log_level: INFO app_name: go-auth-services app_id: b6e17118-914d-42ae-83b3-df970b3d0152 req_id: App start func_nameusecases.Usecases.Start:27 additional: App start usecases.Usecases.Start:27 Usecases has started
2024-12-02 17:21:49.7490 environment: LOCAL log_level: INFO app_name: go-auth-services app_id: b6e17118-914d-42ae-83b3-df970b3d0152 req_id: App start func_nameapi.Api.Start:22 additional: App start api.Api.Start:22 Api service has started
2024-12-02 17:21:53.1424 environment: LOCAL log_level: ERROR app_name: go-auth-services app_id: b6e17118-914d-42ae-83b3-df970b3d0152 req_id: reqID func_namehandlers.Handlers.UserCreate:22 additional: reqID handlers.Handlers.UserCreate:22 pq: нет уникального ограничения или ограничения-исключения, соответствующего указанию ON CONFLICT
2024-12-02 17:24:09.8616 environment: LOCAL log_level: INFO app_name: go-auth-services app_id: 9d41f5a2-3924-4fad-8c43-e83304a53c4c req_id: App start func_nameusecases.Usecases.Start:27 additional: App start usecases.Usecases.Start:27 Usecases has started
2024-12-02 17:24:09.9808 environment: LOCAL log_level: INFO app_name: go-auth-services app_id: 9d41f5a2-3924-4fad-8c43-e83304a53c4c req_id: App start func_nameapi.Api.Start:22 additional: App start api.Api.Start:22 Api service has started
2024-12-02 17:24:17.2315 environment: LOCAL log_level: ERROR app_name: go-auth-services app_id: 9d41f5a2-3924-4fad-8c43-e83304a53c4c req_id: reqID func_namehandlers.Handlers.UserCreate:22 additional: reqID handlers.Handlers.UserCreate:22 expected slice but got int64
2024-12-02 17:25:42.1458 environment: LOCAL log_level: INFO app_name: go-auth-services app_id: 162214fc-012a-4f4c-97e0-4d78de8fa511 req_id: App start func_nameusecases.Usecases.Start:27 additional: App start usecases.Usecases.Start:27 Usecases has started
2024-12-02 17:25:42.3301 environment: LOCAL log_level: INFO app_name: go-auth-services app_id: 162214fc-012a-4f4c-97e0-4d78de8fa511 req_id: App start func_nameapi.Api.Start:22 additional: App start api.Api.Start:22 Api service has started
2024-12-02 17:25:46.8736 environment: LOCAL log_level: ERROR app_name: go-auth-services app_id: 162214fc-012a-4f4c-97e0-4d78de8fa511 req_id: reqID func_namehandlers.Handlers.UserCreate:22 additional: reqID handlers.Handlers.UserCreate:22 sql: no rows in result set
2024-12-02 17:27:27.4255 environment: LOCAL log_level: INFO app_name: go-auth-services app_id: 7725e5bb-09b7-4fff-8ade-73de54f9a75f req_id: App start func_nameusecases.Usecases.Start:27 additional: App start usecases.Usecases.Start:27 Usecases has started
2024-12-02 17:27:27.5765 environment: LOCAL log_level: INFO app_name: go-auth-services app_id: 7725e5bb-09b7-4fff-8ade-73de54f9a75f req_id: App start func_nameapi.Api.Start:22 additional: App start api.Api.Start:22 Api service has started
2024-12-02 17:27:29.8729 environment: LOCAL log_level: ERROR app_name: go-auth-services app_id: 7725e5bb-09b7-4fff-8ade-73de54f9a75f req_id: reqID func_namehandlers.Handlers.UserCreate:22 additional: reqID handlers.Handlers.UserCreate:22 pq: ошибка синтаксиса (примерное положение: "RETURN")
2024-12-02 17:27:47.3982 environment: LOCAL log_level: INFO app_name: go-auth-services app_id: ea315e0e-1bca-4214-a9c5-fb32bd748a3f req_id: App start func_nameusecases.Usecases.Start:27 additional: App start usecases.Usecases.Start:27 Usecases has started
2024-12-02 17:27:47.6259 environment: LOCAL log_level: INFO app_name: go-auth-services app_id: ea315e0e-1bca-4214-a9c5-fb32bd748a3f req_id: App start func_nameapi.Api.Start:22 additional: App start api.Api.Start:22 Api service has started
2024-12-02 17:27:48.9208 environment: LOCAL log_level: ERROR app_name: go-auth-services app_id: ea315e0e-1bca-4214-a9c5-fb32bd748a3f req_id: reqID func_namehandlers.Handlers.UserCreate:22 additional: reqID handlers.Handlers.UserCreate:22 pq: ошибка синтаксиса (примерное положение: "RETURN")
2024-12-02 17:29:59.3381 environment: LOCAL log_level: INFO app_name: go-auth-services app_id: b98a08b8-95e2-4159-b6a7-2fbf33fc2f85 req_id: App start func_nameusecases.Usecases.Start:27 additional: App start usecases.Usecases.Start:27 Usecases has started
2024-12-02 17:29:59.4410 environment: LOCAL log_level: INFO app_name: go-auth-services app_id: b98a08b8-95e2-4159-b6a7-2fbf33fc2f85 req_id: App start func_nameapi.Api.Start:22 additional: App start api.Api.Start:22 Api service has started
2024-12-02 17:30:06.5362 environment: LOCAL log_level: ERROR app_name: go-auth-services app_id: b98a08b8-95e2-4159-b6a7-2fbf33fc2f85 req_id: reqID func_namehandlers.Handlers.UserCreate:22 additional: reqID handlers.Handlers.UserCreate:22 sql: no rows in result set
2024-12-02 17:30:12.1725 environment: LOCAL log_level: ERROR app_name: go-auth-services app_id: b98a08b8-95e2-4159-b6a7-2fbf33fc2f85 req_id: reqID func_namehandlers.Handlers.UserCreate:22 additional: reqID handlers.Handlers.UserCreate:22 sql: no rows in result set
2024-12-02 17:30:13.1964 environment: LOCAL log_level: ERROR app_name: go-auth-services app_id: b98a08b8-95e2-4159-b6a7-2fbf33fc2f85 req_id: reqID func_namehandlers.Handlers.UserCreate:22 additional: reqID handlers.Handlers.UserCreate:22 sql: no rows in result set
2024-12-02 17:30:14.0468 environment: LOCAL log_level: ERROR app_name: go-auth-services app_id: b98a08b8-95e2-4159-b6a7-2fbf33fc2f85 req_id: reqID func_namehandlers.Handlers.UserCreate:22 additional: reqID handlers.Handlers.UserCreate:22 sql: no rows in result set
